<?xml version="1.0" encoding="UTF-8"?>
<!-- Generated by org.testng.reporters.JUnitXMLReporter -->
<testsuite ignored="0" hostname="desktop1" failures="0" tests="6" name="Test" time="12.221" errors="0" timestamp="2024-07-15T09:46:23 BDT">
  <testcase classname="api.test.UserTests" name="test_CreateUser" time="3.275"/>
  <testcase classname="api.test.UserTests" name="test_GetUser" time="1.336"/>
  <testcase classname="api.test.UserTests" name="test_LoginUser" time="1.896"/>
  <testcase classname="api.test.UserTests" name="test_LogoutUser" time="1.257"/>
  <testcase classname="api.test.UserTests" name="test_UpdateUser" time="2.583"/>
  <testcase classname="api.test.UserTests" name="test_DeleteUser" time="1.611"/>
</testsuite> <!-- Test -->
