<?xml version="1.0" encoding="UTF-8"?>
<!-- Generated by org.testng.reporters.JUnitXMLReporter -->
<testsuite ignored="0" hostname="desktop1" failures="1" tests="1" name="User Update Test" time="0.005" errors="0" timestamp="2024-07-16T11:28:56 BDT">
  <testcase classname="api.test.test_UpdateUser" name="test_updateuser" time="0.001">
    <failure type="java.lang.NullPointerException" message="Cannot invoke &amp;quot;com.github.javafaker.Faker.idNumber()&amp;quot; because &amp;quot;this.faker&amp;quot; is null">
      <![CDATA[java.lang.NullPointerException: Cannot invoke "com.github.javafaker.Faker.idNumber()" because "this.faker" is null
at api.payload.UserPayload.userPayLoad(UserPayload.java:11)
at api.test.test_UpdateUser.test_updateuser(test_UpdateUser.java:27)
at java.base/java.util.ArrayList.forEach(ArrayList.java:1511)
... Removed 27 stack frames]]>
    </failure>
  </testcase> <!-- test_updateuser -->
</testsuite> <!-- User Update Test -->
