<?xml version="1.0" encoding="UTF-8"?>
<!-- Generated by org.testng.reporters.JUnitXMLReporter -->
<testsuite ignored="0" hostname="desktop1" failures="1" tests="1" name="User Login Test" time="0.008" errors="0" timestamp="2024-07-16T11:28:52 BDT">
  <testcase classname="api.test.test_LoginUser" name="test_loginuser" time="0.002">
    <failure type="java.lang.NullPointerException" message="Cannot invoke &amp;quot;api.payload.User.getUsername()&amp;quot; because &amp;quot;this.payload&amp;quot; is null">
      <![CDATA[java.lang.NullPointerException: Cannot invoke "api.payload.User.getUsername()" because "this.payload" is null
at api.test.test_LoginUser.test_loginuser(test_LoginUser.java:13)
at java.base/java.util.ArrayList.forEach(ArrayList.java:1511)
... Removed 27 stack frames]]>
    </failure>
  </testcase> <!-- test_loginuser -->
</testsuite> <!-- User Login Test -->
