<?xml version="1.0" encoding="UTF-8"?>
<!-- Generated by org.testng.reporters.JUnitXMLReporter -->
<testsuite ignored="10" hostname="desktop1" failures="5" tests="6" name="User module Test" time="3.699" errors="0" timestamp="2024-07-16T11:21:30 BDT">
  <testcase classname="api.test.test_CreateUser" name="test_createuser" time="0.026">
    <failure type="java.lang.NullPointerException" message="Cannot invoke &amp;quot;com.github.javafaker.Faker.idNumber()&amp;quot; because &amp;quot;this.faker&amp;quot; is null">
      <![CDATA[java.lang.NullPointerException: Cannot invoke "com.github.javafaker.Faker.idNumber()" because "this.faker" is null
at api.payload.UserPayload.userPayLoad(UserPayload.java:11)
at api.test.test_CreateUser.test_createuser(test_CreateUser.java:18)
at java.base/java.util.ArrayList.forEach(ArrayList.java:1511)
... Removed 27 stack frames]]>
    </failure>
  </testcase> <!-- test_createuser -->
  <testcase classname="api.test.test_GetUser" name="test_getuser" time="0.001">
    <failure type="java.lang.NullPointerException" message="Cannot invoke &amp;quot;api.payload.User.getUsername()&amp;quot; because &amp;quot;this.payload&amp;quot; is null">
      <![CDATA[java.lang.NullPointerException: Cannot invoke "api.payload.User.getUsername()" because "this.payload" is null
at api.test.test_GetUser.test_getuser(test_GetUser.java:14)
at java.base/java.util.ArrayList.forEach(ArrayList.java:1511)
... Removed 27 stack frames]]>
    </failure>
  </testcase> <!-- test_getuser -->
  <testcase classname="api.test.test_LoginUser" name="test_loginuser" time="0.001">
    <failure type="java.lang.NullPointerException" message="Cannot invoke &amp;quot;api.payload.User.getUsername()&amp;quot; because &amp;quot;this.payload&amp;quot; is null">
      <![CDATA[java.lang.NullPointerException: Cannot invoke "api.payload.User.getUsername()" because "this.payload" is null
at api.test.test_LoginUser.test_loginuser(test_LoginUser.java:13)
at java.base/java.util.ArrayList.forEach(ArrayList.java:1511)
... Removed 27 stack frames]]>
    </failure>
  </testcase> <!-- test_loginuser -->
  <testcase classname="api.test.test_LogoutUser" name="test_logoutuser" time="3.6"/>
  <testcase classname="api.test.test_UpdateUser" name="test_updateuser" time="0.001">
    <failure type="java.lang.NullPointerException" message="Cannot invoke &amp;quot;com.github.javafaker.Faker.idNumber()&amp;quot; because &amp;quot;this.faker&amp;quot; is null">
      <![CDATA[java.lang.NullPointerException: Cannot invoke "com.github.javafaker.Faker.idNumber()" because "this.faker" is null
at api.payload.UserPayload.userPayLoad(UserPayload.java:11)
at api.test.test_UpdateUser.test_updateuser(test_UpdateUser.java:27)
at java.base/java.util.ArrayList.forEach(ArrayList.java:1511)
... Removed 27 stack frames]]>
    </failure>
  </testcase> <!-- test_updateuser -->
  <testcase classname="api.test.test_DeleteUser" name="test_deleteuser" time="0.001">
    <failure type="java.lang.NullPointerException" message="Cannot invoke &amp;quot;api.payload.User.getUsername()&amp;quot; because &amp;quot;this.payload&amp;quot; is null">
      <![CDATA[java.lang.NullPointerException: Cannot invoke "api.payload.User.getUsername()" because "this.payload" is null
at api.test.test_DeleteUser.test_deleteuser(test_DeleteUser.java:14)
at java.base/java.util.ArrayList.forEach(ArrayList.java:1511)
... Removed 27 stack frames]]>
    </failure>
  </testcase> <!-- test_deleteuser -->
  <testcase classname="api.payload.BaseClass" name="@BeforeSuite beforeSuite" time="0.0">
    <ignored/>
  </testcase> <!-- @BeforeSuite beforeSuite -->
  <testcase classname="api.payload.BaseClass" name="@BeforeSuite beforeSuite" time="0.0">
    <ignored/>
  </testcase> <!-- @BeforeSuite beforeSuite -->
  <testcase classname="api.payload.BaseClass" name="@BeforeSuite beforeSuite" time="0.0">
    <ignored/>
  </testcase> <!-- @BeforeSuite beforeSuite -->
  <testcase classname="api.payload.BaseClass" name="@BeforeSuite beforeSuite" time="0.0">
    <ignored/>
  </testcase> <!-- @BeforeSuite beforeSuite -->
  <testcase classname="api.payload.BaseClass" name="@BeforeSuite beforeSuite" time="0.0">
    <ignored/>
  </testcase> <!-- @BeforeSuite beforeSuite -->
  <testcase classname="api.payload.BaseClass" name="@AfterSuite afterSuite" time="0.0">
    <ignored/>
  </testcase> <!-- @AfterSuite afterSuite -->
  <testcase classname="api.payload.BaseClass" name="@AfterSuite afterSuite" time="0.0">
    <ignored/>
  </testcase> <!-- @AfterSuite afterSuite -->
  <testcase classname="api.payload.BaseClass" name="@AfterSuite afterSuite" time="0.0">
    <ignored/>
  </testcase> <!-- @AfterSuite afterSuite -->
  <testcase classname="api.payload.BaseClass" name="@AfterSuite afterSuite" time="0.0">
    <ignored/>
  </testcase> <!-- @AfterSuite afterSuite -->
  <testcase classname="api.payload.BaseClass" name="@AfterSuite afterSuite" time="0.0">
    <ignored/>
  </testcase> <!-- @AfterSuite afterSuite -->
</testsuite> <!-- User module Test -->
