<?xml version="1.0" encoding="UTF-8"?>
<!-- Generated by org.testng.reporters.JUnitXMLReporter -->
<testsuite ignored="0" hostname="desktop1" failures="1" tests="1" name="User Delete Test" time="0.006" errors="0" timestamp="2024-07-16T11:28:56 BDT">
  <testcase classname="api.test.test_DeleteUser" name="test_deleteuser" time="0.001">
    <failure type="java.lang.NullPointerException" message="Cannot invoke &amp;quot;api.payload.User.getUsername()&amp;quot; because &amp;quot;this.payload&amp;quot; is null">
      <![CDATA[java.lang.NullPointerException: Cannot invoke "api.payload.User.getUsername()" because "this.payload" is null
at api.test.test_DeleteUser.test_deleteuser(test_DeleteUser.java:14)
at java.base/java.util.ArrayList.forEach(ArrayList.java:1511)
... Removed 27 stack frames]]>
    </failure>
  </testcase> <!-- test_deleteuser -->
</testsuite> <!-- User Delete Test -->
